
--- Job M1_6_E1eL.gms Start 11/27/25 18:42:26 51.2.1 5fb43f63 DEX-DEG x86 64bit/macOS
--- Applying:
    /Library/Frameworks/GAMS.framework/Versions/51/Resources/gmsprmun.txt
--- GAMS Parameters defined
    Input "/Users/pm.deoliveiradejes/Dropbox (Personal)/Curso EDCO/AC&CE/GitHub AGyCE/AGyCE-main/M6_AGPE_sizing_models/Ejemplo_1_MINLP_L/gams/M1_6_E1eL.gms"
    XSave "/Users/pm.deoliveiradejes/Dropbox (Personal)/Curso EDCO/AC&CE/GitHub AGyCE/AGyCE-main/M6_AGPE_sizing_models/Ejemplo_1_MINLP_L/gams/M1_6_E1eL.g0?"
    PageSize 0
    Action C
    ScrDir "/Users/pm.deoliveiradejes/Dropbox (Personal)/Curso EDCO/AC&CE/GitHub AGyCE/AGyCE-main/M6_AGPE_sizing_models/Ejemplo_1_MINLP_L/gams/225a/"
    SysDir /Library/Frameworks/GAMS.framework/Versions/51/Resources/
    LogOption 3
    AppendLog 1
    ErrMsg 1
    ErrorLog 99
    IDE 1
    LstTitleLeftAligned 1
    PreviousWork 1
Licensee: GAMS Demo, for EULA and demo limitations see   G250826+0003Cc-GEN
          https://www.gams.com/latest/docs/UG%5FLicense.html         DC0000
          /Users/pm.deoliveiradejes/Library/Application Support/GAMS/gamslice.txt
          v:2                                                              
          Demo license for demonstration and instructional purposes only
System information: 4 physical cores and 16 Gb physical memory detected
GAMS 51.2.1   Copyright (C) 1987-2025 GAMS Development. All rights reserved
--- Starting compilation
--- M1_6_E1eL.gms(4) 3 Mb
--- . lambda.inc(8763) 4 Mb
--- M1_6_E1eL.gms(5) 4 Mb
--- . psi.inc(8763) 5 Mb
--- M1_6_E1eL.gms(9) 5 Mb
--- . PpvuC.inc(8763) 5 Mb
--- M1_6_E1eL.gms(11) 5 Mb
--- . Plu.inc(8763) 6 Mb
--- M1_6_E1eL.gms(17633) 8 Mb
*** Status: Normal completion
--- Job M1_6_E1eL.gms Stop 11/27/25 18:42:27 elapsed 0:00:00.655

--- switch to NEOS ./M1_6_E1eL/solve.lst
Job 18068237 dispatched
password: FwJQoiIV
